<?xml version="1.0" encoding="UTF-8"?>
<!-- Generated by org.testng.reporters.JUnitReportReporter -->
<testsuite hostname="LAPTOP-QGMSOUBB" failures="0" tests="1" name="TestcasePkg.invoiceTest" time="8.999" errors="0" timestamp="2024-09-17T15:19:53 AST" skipped="0">
  <testcase classname="TestcasePkg.invoiceTest" name="tableValueCheck" time="8.999"/>
  <system-out/>
</testsuite> <!-- TestcasePkg.invoiceTest -->
